<?xml version="1.0" encoding="UTF-8"?>
<!-- Generated by org.testng.reporters.JUnitReportReporter -->
<testsuite hostname="DESKTOP-05DODOB" failures="0" tests="1" name="RunnerPackage.RunnerClass" time="15.026" errors="0" timestamp="2025-04-23T21:39:31 IST" skipped="0">
  <testcase classname="RunnerPackage.RunnerClass" name="runScenario" time="15.026"/>
</testsuite> <!-- RunnerPackage.RunnerClass -->
