<?xml version="1.0" encoding="UTF-8"?>
<!-- Generated by org.testng.reporters.JUnitReportReporter -->
<testsuite hostname="DESKTOP-05DODOB" failures="0" tests="1" name="RunnerPackage.RunnerClass" time="13.114" errors="0" timestamp="2025-04-25T11:04:09 IST" skipped="0">
  <testcase classname="RunnerPackage.RunnerClass" name="runScenario" time="13.114"/>
</testsuite> <!-- RunnerPackage.RunnerClass -->
